d:\software\vs2022\opengl_study\qtopengl\qtopengl\x64\debug\moc_qtopengl.obj
d:\software\vs2022\opengl_study\qtopengl\qtopengl\x64\debug\qrc_qtopengl.obj
d:\software\vs2022\opengl_study\qtopengl\qtopengl\x64\debug\moc_basicwidget.obj
d:\software\vs2022\opengl_study\qtopengl\qtopengl\x64\debug\basicwidget.obj
d:\software\vs2022\opengl_study\qtopengl\qtopengl\x64\debug\qtopengl.obj
d:\software\vs2022\opengl_study\qtopengl\qtopengl\x64\debug\main.obj
d:\software\vs2022\opengl_study\qtopengl\qtopengl\x64\debug\vc143.pdb
d:\software\vs2022\opengl_study\qtopengl\x64\debug\qtopengl.ilk
d:\software\vs2022\opengl_study\qtopengl\x64\debug\qtopengl.exe
d:\software\vs2022\opengl_study\qtopengl\x64\debug\qtopengl.pdb
d:\software\vs2022\opengl_study\qtopengl\qtopengl\x64\debug\moc\moc_basicwidget.cpp
d:\software\vs2022\opengl_study\qtopengl\qtopengl\x64\debug\uic\ui_qtopengl.h
d:\software\vs2022\opengl_study\qtopengl\qtopengl\x64\debug\rcc\qrc_qtopengl.cpp
d:\software\vs2022\opengl_study\qtopengl\qtopengl\x64\debug\moc\moc_qtopengl.cpp
d:\software\vs2022\opengl_study\qtopengl\qtopengl\x64\debug\uic\ui_basicwidget.h
d:\software\vs2022\opengl_study\qtopengl\qtopengl\x64\debug\qtopengl.res
d:\software\vs2022\opengl_study\qtopengl\qtopengl\x64\debug\qtopengl.tlog\cl.11300.write.1.tlog
d:\software\vs2022\opengl_study\qtopengl\qtopengl\x64\debug\qtopengl.tlog\cl.command.1.tlog
d:\software\vs2022\opengl_study\qtopengl\qtopengl\x64\debug\qtopengl.tlog\cl.items.tlog
d:\software\vs2022\opengl_study\qtopengl\qtopengl\x64\debug\qtopengl.tlog\cl.read.1.tlog
d:\software\vs2022\opengl_study\qtopengl\qtopengl\x64\debug\qtopengl.tlog\link.command.1.tlog
d:\software\vs2022\opengl_study\qtopengl\qtopengl\x64\debug\qtopengl.tlog\link.read.1.tlog
d:\software\vs2022\opengl_study\qtopengl\qtopengl\x64\debug\qtopengl.tlog\link.write.1.tlog
d:\software\vs2022\opengl_study\qtopengl\qtopengl\x64\debug\qtopengl.tlog\moc.read.1u.tlog
d:\software\vs2022\opengl_study\qtopengl\qtopengl\x64\debug\qtopengl.tlog\moc.write.1u.tlog
d:\software\vs2022\opengl_study\qtopengl\qtopengl\x64\debug\qtopengl.tlog\qtopengl.write.1u.tlog
d:\software\vs2022\opengl_study\qtopengl\qtopengl\x64\debug\qtopengl.tlog\rc.command.1.tlog
d:\software\vs2022\opengl_study\qtopengl\qtopengl\x64\debug\qtopengl.tlog\rc.read.1.tlog
d:\software\vs2022\opengl_study\qtopengl\qtopengl\x64\debug\qtopengl.tlog\rc.write.1.tlog
d:\software\vs2022\opengl_study\qtopengl\qtopengl\x64\debug\qtopengl.tlog\rcc.read.1u.tlog
d:\software\vs2022\opengl_study\qtopengl\qtopengl\x64\debug\qtopengl.tlog\rcc.write.1u.tlog
d:\software\vs2022\opengl_study\qtopengl\qtopengl\x64\debug\qtopengl.tlog\uic.read.1u.tlog
d:\software\vs2022\opengl_study\qtopengl\qtopengl\x64\debug\qtopengl.tlog\uic.write.1u.tlog
